<?xml version="1.0" encoding="UTF-8"?>
<!-- Generated by org.testng.reporters.JUnitXMLReporter -->
<testsuite hostname="LOXTIPL0012680" ignored="0" name="INSATLL_UPDTATE_OPEN_ALLOW_PERMISSION" tests="4" failures="1" timestamp="20 Nov 2018 09:45:20 GMT" time="1308.966" errors="0">
  <testcase name="allowpermission" time="215.513" classname="com.uiFramework.TC_03_Set_Permisssion">
    <failure type="org.openqa.selenium.NoSuchElementException" message="An element could not be located on the page using the given search parameters. (WARNING: The server did not provide any stacktrace information)
Command duration or timeout: 0 milliseconds
For documentation on this error, please visit: http://seleniumhq.org/exceptions/no_such_element.html
Build info: version: &amp;apos;3.14.0&amp;apos;, revision: &amp;apos;aacccce0&amp;apos;, time: &amp;apos;2018-08-02T20:19:58.91Z&amp;apos;
System info: host: &amp;apos;LOXTIPL0012680&amp;apos;, ip: &amp;apos;10.56.132.48&amp;apos;, os.name: &amp;apos;Windows 10&amp;apos;, os.arch: &amp;apos;amd64&amp;apos;, os.version: &amp;apos;10.0&amp;apos;, java.version: &amp;apos;1.8.0_171&amp;apos;
Driver info: io.appium.java_client.android.AndroidDriver
Capabilities {acceptInsecureCerts: true, appActivity: com.android.vending.AssetBr..., appPackage: com.android.vending, databaseEnabled: false, desired: {acceptInsecureCerts: true, appActivity: com.android.vending.AssetBr..., appPackage: com.android.vending, deviceName: Android device, newCommandTimeout: 4000, platformName: Android}, deviceManufacturer: Xiaomi, deviceModel: Redmi 4A, deviceName: 824ba96e7d82, deviceScreenSize: 720x1280, deviceUDID: 824ba96e7d82, javascriptEnabled: true, locationContextEnabled: false, networkConnectionEnabled: true, newCommandTimeout: 4000, platform: LINUX, platformName: Android, platformVersion: 7.1.2, takesScreenshot: true, warnings: {}, webStorageEnabled: false}
Session ID: 8c94b368-95cf-427e-b965-a2624edb63de
*** Element info: {Using=xpath, value=//android.widget.TextView[@resource-id=&amp;apos;com.miui.securitycenter:id/tv_title&amp;apos; and @text=&amp;apos;App permissions&amp;apos;]}">
      <![CDATA[org.openqa.selenium.NoSuchElementException: An element could not be located on the page using the given search parameters. (WARNING: The server did not provide any stacktrace information)
Command duration or timeout: 0 milliseconds
For documentation on this error, please visit: http://seleniumhq.org/exceptions/no_such_element.html
Build info: version: '3.14.0', revision: 'aacccce0', time: '2018-08-02T20:19:58.91Z'
System info: host: 'LOXTIPL0012680', ip: '10.56.132.48', os.name: 'Windows 10', os.arch: 'amd64', os.version: '10.0', java.version: '1.8.0_171'
Driver info: io.appium.java_client.android.AndroidDriver
Capabilities {acceptInsecureCerts: true, appActivity: com.android.vending.AssetBr..., appPackage: com.android.vending, databaseEnabled: false, desired: {acceptInsecureCerts: true, appActivity: com.android.vending.AssetBr..., appPackage: com.android.vending, deviceName: Android device, newCommandTimeout: 4000, platformName: Android}, deviceManufacturer: Xiaomi, deviceModel: Redmi 4A, deviceName: 824ba96e7d82, deviceScreenSize: 720x1280, deviceUDID: 824ba96e7d82, javascriptEnabled: true, locationContextEnabled: false, networkConnectionEnabled: true, newCommandTimeout: 4000, platform: LINUX, platformName: Android, platformVersion: 7.1.2, takesScreenshot: true, warnings: {}, webStorageEnabled: false}
Session ID: 8c94b368-95cf-427e-b965-a2624edb63de
*** Element info: {Using=xpath, value=//android.widget.TextView[@resource-id='com.miui.securitycenter:id/tv_title' and @text='App permissions']}
at org.openqa.selenium.remote.ErrorHandler.createThrowable(ErrorHandler.java:214)
at org.openqa.selenium.remote.ErrorHandler.throwIfResponseFailed(ErrorHandler.java:166)
at org.openqa.selenium.remote.http.JsonHttpResponseCodec.reconstructValue(JsonHttpResponseCodec.java:40)
at org.openqa.selenium.remote.http.AbstractHttpResponseCodec.decode(AbstractHttpResponseCodec.java:80)
at org.openqa.selenium.remote.http.AbstractHttpResponseCodec.decode(AbstractHttpResponseCodec.java:44)
at org.openqa.selenium.remote.HttpCommandExecutor.execute(HttpCommandExecutor.java:158)
at io.appium.java_client.remote.AppiumCommandExecutor.execute(AppiumCommandExecutor.java:231)
at org.openqa.selenium.remote.RemoteWebDriver.execute(RemoteWebDriver.java:548)
at io.appium.java_client.DefaultGenericMobileDriver.execute(DefaultGenericMobileDriver.java:42)
at io.appium.java_client.AppiumDriver.execute(AppiumDriver.java:1)
at io.appium.java_client.android.AndroidDriver.execute(AndroidDriver.java:1)
at org.openqa.selenium.remote.RemoteWebDriver.findElement(RemoteWebDriver.java:322)
at io.appium.java_client.DefaultGenericMobileDriver.findElement(DefaultGenericMobileDriver.java:62)
at io.appium.java_client.AppiumDriver.findElement(AppiumDriver.java:1)
at io.appium.java_client.android.AndroidDriver.findElement(AndroidDriver.java:1)
at org.openqa.selenium.remote.RemoteWebDriver.findElementByXPath(RemoteWebDriver.java:424)
at io.appium.java_client.DefaultGenericMobileDriver.findElementByXPath(DefaultGenericMobileDriver.java:152)
at io.appium.java_client.AppiumDriver.findElementByXPath(AppiumDriver.java:1)
at io.appium.java_client.android.AndroidDriver.findElementByXPath(AndroidDriver.java:1)
at com.uiFramework.TC_03_Set_Permisssion.allowpermission(TC_03_Set_Permisssion.java:42)
... Removed 29 stack frames]]>
    </failure>
  </testcase> <!-- allowpermission -->
  <testcase name="update_setting" time="7.596" classname="com.uiFramework.TC_03_Set_Permisssion"/>
  <testcase name="open_app" time="60.654" classname="com.uiFramework.TC_04_Open_app_via_playstore"/>
  <testcase name="open_app_via_play" time="973.604" classname="com.uiFramework.TC_04_Open_app_via_playstore"/>
</testsuite> <!-- INSATLL_UPDTATE_OPEN_ALLOW_PERMISSION -->
